<?xml version="1.0" encoding="UTF-8"?>
<testng-results skipped="0" failed="0" ignored="23" total="23" passed="0">
  <reporter-output>
  </reporter-output>
  <suite name="Regres" duration-ms="296" started-at="2021-04-03T21:47:18Z" finished-at="2021-04-03T21:47:18Z">
    <groups>
      <group name="geo">
        <method signature="Georestrictions.cardsActivateGeo()[pri:6, instance:ru.gazprombank.tests.critical.api.card.georestrictions.Georestrictions@1bf29034]" name="cardsActivateGeo" class="ru.gazprombank.tests.critical.api.card.georestrictions.Georestrictions"/>
      </group> <!-- geo -->
      <group name="3d">
        <method signature="Secure3D.cards3DSecureActivate()[pri:4, instance:ru.gazprombank.tests.critical.api.card.secure3d.Secure3D@42f84bfc]" name="cards3DSecureActivate" class="ru.gazprombank.tests.critical.api.card.secure3d.Secure3D"/>
      </group> <!-- 3d -->
      <group name="activateCred">
        <method signature="Activate.creditDeactivate()[pri:3, instance:ru.gazprombank.tests.critical.api.account.activate.Activate@2e14c303]" name="creditDeactivate" class="ru.gazprombank.tests.critical.api.account.activate.Activate"/>
      </group> <!-- activateCred -->
      <group name="third">
        <method signature="Blocked.cardsBlockWithPeriod()[pri:3, instance:ru.gazprombank.tests.critical.api.card.blocked.Blocked@66b17654]" name="cardsBlockWithPeriod" class="ru.gazprombank.tests.critical.api.card.blocked.Blocked"/>
      </group> <!-- third -->
      <group name="smoke">
        <method signature="Login.negativeLogLogin()[pri:0, instance:ru.gazprombank.tests.critical.ib.api.login.Login@517b8e42]" name="negativeLogLogin" class="ru.gazprombank.tests.critical.ib.api.login.Login"/>
        <method signature="Login.positiveLogin()[pri:0, instance:ru.gazprombank.tests.critical.ib.api.login.Login@517b8e42]" name="positiveLogin" class="ru.gazprombank.tests.critical.ib.api.login.Login"/>
        <method signature="Activate.cardsDeactivate()[pri:5, instance:ru.gazprombank.tests.critical.api.card.activate.Activate@663758f2]" name="cardsDeactivate" class="ru.gazprombank.tests.critical.api.card.activate.Activate"/>
        <method signature="Activate.cardsActivate()[pri:5, instance:ru.gazprombank.tests.critical.api.card.activate.Activate@663758f2]" name="cardsActivate" class="ru.gazprombank.tests.critical.api.card.activate.Activate"/>
        <method signature="Requisites.cardRequisites()[pri:0, instance:ru.gazprombank.tests.critical.api.card.requisites.Requisites@475eab70]" name="cardRequisites" class="ru.gazprombank.tests.critical.api.card.requisites.Requisites"/>
        <method signature="Cards.cardsCheck()[pri:1, instance:ru.gazprombank.tests.critical.api.card.cards.Cards@2d01a6a7]" name="cardsCheck" class="ru.gazprombank.tests.critical.api.card.cards.Cards"/>
        <method signature="Activate.accountsDeactivate()[pri:2, instance:ru.gazprombank.tests.critical.api.account.activate.Activate@2e14c303]" name="accountsDeactivate" class="ru.gazprombank.tests.critical.api.account.activate.Activate"/>
        <method signature="Activate.accountsActivate()[pri:2, instance:ru.gazprombank.tests.critical.api.account.activate.Activate@2e14c303]" name="accountsActivate" class="ru.gazprombank.tests.critical.api.account.activate.Activate"/>
        <method signature="Activate.creditDeactivate()[pri:3, instance:ru.gazprombank.tests.critical.api.account.activate.Activate@2e14c303]" name="creditDeactivate" class="ru.gazprombank.tests.critical.api.account.activate.Activate"/>
        <method signature="Activate.creditActivate()[pri:3, instance:ru.gazprombank.tests.critical.api.account.activate.Activate@2e14c303]" name="creditActivate" class="ru.gazprombank.tests.critical.api.account.activate.Activate"/>
        <method signature="Activate.depositsDeactivate()[pri:3, instance:ru.gazprombank.tests.critical.api.account.activate.Activate@2e14c303]" name="depositsDeactivate" class="ru.gazprombank.tests.critical.api.account.activate.Activate"/>
        <method signature="AccountDetails.accountsDetailsCheck()[pri:0, instance:ru.gazprombank.tests.critical.api.account.details.AccountDetails@1e1728b8]" name="accountsDetailsCheck" class="ru.gazprombank.tests.critical.api.account.details.AccountDetails"/>
        <method signature="AccountDetails.depositsDetailsCheck()[pri:0, instance:ru.gazprombank.tests.critical.api.account.details.AccountDetails@1e1728b8]" name="depositsDetailsCheck" class="ru.gazprombank.tests.critical.api.account.details.AccountDetails"/>
        <method signature="Accounts.accountsCheck()[pri:0, instance:ru.gazprombank.tests.critical.api.account.accounts.Accounts@576ddffa]" name="accountsCheck" class="ru.gazprombank.tests.critical.api.account.accounts.Accounts"/>
        <method signature="Accounts.creditsCheck()[pri:0, instance:ru.gazprombank.tests.critical.api.account.accounts.Accounts@576ddffa]" name="creditsCheck" class="ru.gazprombank.tests.critical.api.account.accounts.Accounts"/>
        <method signature="AutoPaymentsCreate.autopaymentsSingleCreate(ru.gazprombank.framework.data.provider.propertycommon.PropertyCommon)[pri:0, instance:ru.gazprombank.tests.critical.api.autopayment.autopayments.create.AutoPaymentsCreate@6956d4e1]" name="autopaymentsSingleCreate" class="ru.gazprombank.tests.critical.api.autopayment.autopayments.create.AutoPaymentsCreate"/>
        <method signature="Autopayments.autopaymentsDelete()[pri:10, instance:ru.gazprombank.tests.critical.api.autopayment.Autopayments@4210183d]" name="autopaymentsDelete" class="ru.gazprombank.tests.critical.api.autopayment.Autopayments"/>
        <method signature="Autopayments.autopaymentsNearestCheck()[pri:0, instance:ru.gazprombank.tests.critical.api.autopayment.Autopayments@4210183d]" name="autopaymentsNearestCheck" class="ru.gazprombank.tests.critical.api.autopayment.Autopayments"/>
        <method signature="AccountHistory.checkAccountHistory()[pri:0, instance:ru.gazprombank.tests.critical.api.account.history.AccountHistory@27b123bb]" name="checkAccountHistory" class="ru.gazprombank.tests.critical.api.account.history.AccountHistory"/>
        <method signature="AccountHistory.checkCreditHistory()[pri:0, instance:ru.gazprombank.tests.critical.api.account.history.AccountHistory@27b123bb]" name="checkCreditHistory" class="ru.gazprombank.tests.critical.api.account.history.AccountHistory"/>
        <method signature="AccountHistory.checkDepositHistory()[pri:0, instance:ru.gazprombank.tests.critical.api.account.history.AccountHistory@27b123bb]" name="checkDepositHistory" class="ru.gazprombank.tests.critical.api.account.history.AccountHistory"/>
        <method signature="CardHistory.checkCardHistory()[pri:0, instance:ru.gazprombank.tests.critical.api.card.history.CardHistory@72290515]" name="checkCardHistory" class="ru.gazprombank.tests.critical.api.card.history.CardHistory"/>
        <method signature="Templates.editTemplatePprFiz()[pri:3, instance:ru.gazprombank.tests.critical.api.template.templates.Templates@6340b72e]" name="editTemplatePprFiz" class="ru.gazprombank.tests.critical.api.template.templates.Templates"/>
        <method signature="Templates.templateListCheck()[pri:0, instance:ru.gazprombank.tests.critical.api.template.templates.Templates@6340b72e]" name="templateListCheck" class="ru.gazprombank.tests.critical.api.template.templates.Templates"/>
        <method signature="TransferAccountToAccount.transferAccountToAccount(ru.gazprombank.framework.data.provider.propertycommon.PropertyCommon)[pri:0, instance:ru.gazprombank.tests.critical.api.transfer.acctoacc.TransferAccountToAccount@80a693]" name="transferAccountToAccount" class="ru.gazprombank.tests.critical.api.transfer.acctoacc.TransferAccountToAccount"/>
        <method signature="TransferAccountToAccount.transferAccountToDeposit(ru.gazprombank.framework.data.provider.propertycommon.PropertyCommon)[pri:0, instance:ru.gazprombank.tests.critical.api.transfer.acctoacc.TransferAccountToAccount@80a693]" name="transferAccountToDeposit" class="ru.gazprombank.tests.critical.api.transfer.acctoacc.TransferAccountToAccount"/>
        <method signature="TransferAccountToCard.transferAccountToCard(ru.gazprombank.framework.data.provider.propertycommon.PropertyCommon)[pri:0, instance:ru.gazprombank.tests.critical.api.transfer.acctocard.TransferAccountToCard@510a5e35]" name="transferAccountToCard" class="ru.gazprombank.tests.critical.api.transfer.acctocard.TransferAccountToCard"/>
        <method signature="TransferCardNum.transferCardNum(ru.gazprombank.framework.data.provider.propertycommon.PropertyCommon)[pri:0, instance:ru.gazprombank.tests.critical.api.transfer.cardnum.TransferCardNum@52bda490]" name="transferCardNum" class="ru.gazprombank.tests.critical.api.transfer.cardnum.TransferCardNum"/>
        <method signature="TransferPprBudget.transferPprBudget()[pri:0, instance:ru.gazprombank.tests.critical.api.transfer.ppr.budget.TransferPprBudget@777e1238]" name="transferPprBudget" class="ru.gazprombank.tests.critical.api.transfer.ppr.budget.TransferPprBudget"/>
        <method signature="TransferPprFiz.transferPprFiz(ru.gazprombank.framework.data.provider.propertycommon.PropertyCommon)[pri:0, instance:ru.gazprombank.tests.critical.api.transfer.ppr.fiz.TransferPprFiz@713795e0]" name="transferPprFiz" class="ru.gazprombank.tests.critical.api.transfer.ppr.fiz.TransferPprFiz"/>
        <method signature="TransferPprJur.transferPprJur(ru.gazprombank.framework.data.provider.propertycommon.PropertyCommon)[pri:0, instance:ru.gazprombank.tests.critical.api.transfer.ppr.jur.TransferPprJur@7486016b]" name="transferPprJur" class="ru.gazprombank.tests.critical.api.transfer.ppr.jur.TransferPprJur"/>
        <method signature="TransfersCardToAccount.transferCardToAccount(ru.gazprombank.framework.data.provider.propertycommon.PropertyCommon)[pri:0, instance:ru.gazprombank.tests.critical.api.transfer.cardtoacc.TransfersCardToAccount@3516c440]" name="transferCardToAccount" class="ru.gazprombank.tests.critical.api.transfer.cardtoacc.TransfersCardToAccount"/>
        <method signature="TransfersCardToAccount.transferCardToDeposit(ru.gazprombank.framework.data.provider.propertycommon.PropertyCommon)[pri:0, instance:ru.gazprombank.tests.critical.api.transfer.cardtoacc.TransfersCardToAccount@3516c440]" name="transferCardToDeposit" class="ru.gazprombank.tests.critical.api.transfer.cardtoacc.TransfersCardToAccount"/>
        <method signature="Payments.payments(ru.gazprombank.framework.data.provider.propertycommon.PropertyCommon)[pri:0, instance:ru.gazprombank.tests.critical.api.payment.Payments@48b7021]" name="payments" class="ru.gazprombank.tests.critical.api.payment.Payments"/>
      </group> <!-- smoke -->
      <group name="activate">
        <method signature="Activate.cardsDeactivate()[pri:5, instance:ru.gazprombank.tests.critical.api.card.activate.Activate@663758f2]" name="cardsDeactivate" class="ru.gazprombank.tests.critical.api.card.activate.Activate"/>
      </group> <!-- activate -->
      <group name="fourth">
        <method signature="Blocked.cardsUnblockWithPeriod()[pri:2, instance:ru.gazprombank.tests.critical.api.card.blocked.Blocked@66b17654]" name="cardsUnblockWithPeriod" class="ru.gazprombank.tests.critical.api.card.blocked.Blocked"/>
      </group> <!-- fourth -->
      <group name="activateAcc">
        <method signature="Activate.accountsDeactivate()[pri:2, instance:ru.gazprombank.tests.critical.api.account.activate.Activate@2e14c303]" name="accountsDeactivate" class="ru.gazprombank.tests.critical.api.account.activate.Activate"/>
      </group> <!-- activateAcc -->
      <group name="first">
        <method signature="Blocked.cardsBlock()[pri:2, instance:ru.gazprombank.tests.critical.api.card.blocked.Blocked@66b17654]" name="cardsBlock" class="ru.gazprombank.tests.critical.api.card.blocked.Blocked"/>
      </group> <!-- first -->
      <group name="second">
        <method signature="Blocked.cardsUnblock()[pri:3, instance:ru.gazprombank.tests.critical.api.card.blocked.Blocked@66b17654]" name="cardsUnblock" class="ru.gazprombank.tests.critical.api.card.blocked.Blocked"/>
      </group> <!-- second -->
      <group name="activateDep">
        <method signature="Activate.depositsDeactivate()[pri:3, instance:ru.gazprombank.tests.critical.api.account.activate.Activate@2e14c303]" name="depositsDeactivate" class="ru.gazprombank.tests.critical.api.account.activate.Activate"/>
      </group> <!-- activateDep -->
    </groups>
    <test name="login" duration-ms="14" started-at="2021-04-03T21:47:18Z" finished-at="2021-04-03T21:47:18Z">
    </test> <!-- login -->
    <test name="cards" duration-ms="1" started-at="2021-04-03T21:47:18Z" finished-at="2021-04-03T21:47:18Z">
    </test> <!-- cards -->
    <test name="accounts" duration-ms="0" started-at="2021-04-03T21:47:18Z" finished-at="2021-04-03T21:47:18Z">
    </test> <!-- accounts -->
    <test name="operations" duration-ms="1" started-at="2021-04-03T21:47:18Z" finished-at="2021-04-03T21:47:18Z">
    </test> <!-- operations -->
    <test name="info" duration-ms="0" started-at="2021-04-03T21:47:18Z" finished-at="2021-04-03T21:47:18Z">
    </test> <!-- info -->
    <test name="autopayments" duration-ms="0" started-at="2021-04-03T21:47:18Z" finished-at="2021-04-03T21:47:18Z">
    </test> <!-- autopayments -->
    <test name="history" duration-ms="1" started-at="2021-04-03T21:47:18Z" finished-at="2021-04-03T21:47:18Z">
    </test> <!-- history -->
    <test name="templates" duration-ms="0" started-at="2021-04-03T21:47:18Z" finished-at="2021-04-03T21:47:18Z">
    </test> <!-- templates -->
    <test name="transfers" duration-ms="1" started-at="2021-04-03T21:47:18Z" finished-at="2021-04-03T21:47:18Z">
    </test> <!-- transfers -->
    <test name="limits" duration-ms="0" started-at="2021-04-03T21:47:18Z" finished-at="2021-04-03T21:47:18Z">
    </test> <!-- limits -->
    <test name="payments" duration-ms="0" started-at="2021-04-03T21:47:18Z" finished-at="2021-04-03T21:47:18Z">
      <class name="ru.gazprombank.tests.critical.api.payment.Payments">
        <test-method status="PASS" signature="afterSuite()[pri:0, instance:ru.gazprombank.tests.critical.api.payment.Payments@48b7021]" name="afterSuite" is-config="true" duration-ms="41" started-at="2021-04-04T00:47:18Z" finished-at="2021-04-04T00:47:18Z">
          <reporter-output>
          </reporter-output>
        </test-method> <!-- afterSuite -->
      </class> <!-- ru.gazprombank.tests.critical.api.payment.Payments -->
    </test> <!-- payments -->
  </suite> <!-- Regres -->
</testng-results>
